<?xml version="1.0" encoding="UTF-8"?>
<!-- Generated by org.testng.reporters.JUnitXMLReporter -->
<testsuite ignored="0" hostname="LAPTOP-DFKD0CGK" failures="0" tests="4" name="Test" time="124.264" errors="0" timestamp="2021-09-01T18:51:36 IST">
  <testcase classname="HomePageTestCases.RiskPageTestCases" name="Homepage" time="8.864"/>
  <testcase classname="HomePageTestCases.RiskPageTestCases" name="openProject" time="7.549"/>
  <testcase classname="HomePageTestCases.RiskPageTestCases" name="SaveButtonWithValidData" time="46.255"/>
  <testcase classname="HomePageTestCases.RiskPageTestCases" name="SaveButtonWithInValidData" time="61.311"/>
</testsuite> <!-- Test -->
