<?xml version="1.0" encoding="UTF-8"?>
<!-- Generated by org.testng.reporters.JUnitXMLReporter -->
<testsuite ignored="0" failures="0" tests="3" name="Default test" time="41.425" errors="0" timestamp="2021-08-29T20:21:01 IST">
  <testcase classname="HomePageTestCases.RiskPageTestCases" name="Homepage" time="14.231"/>
  <testcase classname="HomePageTestCases.RiskPageTestCases" name="openProject" time="5.38"/>
  <testcase classname="HomePageTestCases.RiskPageTestCases" name="SaveButtonWithValidData" time="21.086"/>
</testsuite> <!-- Default test -->
